<?xml version="1.0" encoding="UTF-8"?>
<testng-results skipped="0" failed="0" total="2" passed="2">
  <reporter-output>
  </reporter-output>
  <suite name="Suite" duration-ms="49" started-at="2017-05-05T09:03:49Z" finished-at="2017-05-05T09:03:49Z">
    <groups>
    </groups>
    <test name="test1" duration-ms="29" started-at="2017-05-05T09:03:49Z" finished-at="2017-05-05T09:03:49Z">
      <class name="org.test1.App">
        <test-method status="PASS" signature="test1()[pri:0, instance:org.test1.App@694e1548]" name="test1" duration-ms="13" started-at="2017-05-05T17:03:49Z" finished-at="2017-05-05T17:03:49Z">
          <reporter-output>
          </reporter-output>
        </test-method> <!-- test1 -->
      </class> <!-- org.test1.App -->
    </test> <!-- test1 -->
    <test name="test2" duration-ms="5" started-at="2017-05-05T09:03:49Z" finished-at="2017-05-05T09:03:49Z">
      <class name="org.test1.App2">
        <test-method status="PASS" signature="test2()[pri:0, instance:org.test1.App2@1877ab81]" name="test2" duration-ms="3" started-at="2017-05-05T17:03:49Z" finished-at="2017-05-05T17:03:49Z">
          <reporter-output>
          </reporter-output>
        </test-method> <!-- test2 -->
      </class> <!-- org.test1.App2 -->
    </test> <!-- test2 -->
  </suite> <!-- Suite -->
</testng-results>
