<?xml version="1.0" encoding="UTF-8"?>
<testng-results skipped="0" failed="0" total="1" passed="1">
  <reporter-output>
  </reporter-output>
  <suite name="Default suite" duration-ms="23" started-at="2017-05-05T04:37:01Z" finished-at="2017-05-05T04:37:01Z">
    <groups>
    </groups>
    <test name="Default test" duration-ms="23" started-at="2017-05-05T04:37:01Z" finished-at="2017-05-05T04:37:01Z">
      <class name="org.test1.App">
        <test-method status="PASS" signature="test1()[pri:0, instance:org.test1.App@1a968a59]" name="test1" duration-ms="10" started-at="2017-05-05T12:37:01Z" finished-at="2017-05-05T12:37:01Z">
          <reporter-output>
          </reporter-output>
        </test-method> <!-- test1 -->
      </class> <!-- org.test1.App -->
    </test> <!-- Default test -->
  </suite> <!-- Default suite -->
</testng-results>
