<?xml version="1.0" encoding="UTF-8"?>
<testng-results skipped="0" failed="0" total="1" passed="1">
  <reporter-output>
  </reporter-output>
  <suite name="Default suite" duration-ms="4269" started-at="2017-05-05T09:10:35Z" finished-at="2017-05-05T09:10:39Z">
    <groups>
    </groups>
    <test name="Default test" duration-ms="4269" started-at="2017-05-05T09:10:35Z" finished-at="2017-05-05T09:10:39Z">
      <class name="org.test2.TakeScreen">
        <test-method status="PASS" signature="test()[pri:0, instance:org.test2.TakeScreen@4501b7af]" name="test" duration-ms="4256" started-at="2017-05-05T17:10:35Z" finished-at="2017-05-05T17:10:39Z">
          <reporter-output>
          </reporter-output>
        </test-method> <!-- test -->
      </class> <!-- org.test2.TakeScreen -->
    </test> <!-- Default test -->
  </suite> <!-- Default suite -->
</testng-results>
